<?xml version="1.0" encoding="UTF-8"?>

<records>
  <entity1056 ctype="Bro6" r="8" c="5">
    <round1 state="LIVE" posr="8" posc="6" dr="0" dc="1" />
    <round2 state="LIVE" posr="8" posc="6" dr="0" dc="0" />
    <round3 state="LIVE" posr="7" posc="6" dr="-1" dc="0" />
    <round4 state="LIVE" posr="7" posc="6" dr="0" dc="0" />
    <round5 state="LIVE" posr="7" posc="6" dr="0" dc="0" />
    <round6 state="LIVE" posr="7" posc="6" dr="0" dc="0" />
    <round7 state="LIVE" posr="7" posc="7" dr="0" dc="1" />
    <round8 state="LIVE" posr="7" posc="7" dr="0" dc="0" />
    <round9 state="LIVE" posr="7" posc="8" dr="0" dc="1" />
    <round10 state="LIVE" posr="7" posc="8" dr="0" dc="0" />
    <round11 state="LIVE" posr="8" posc="8" dr="1" dc="0" />
    <round12 state="DEAD" posr="8" posc="8" dr="0" dc="0" />
    <round13 state="DEAD" posr="8" posc="8" dr="0" dc="0" />
    <round14 state="DEAD" posr="8" posc="8" dr="0" dc="0" />
    <round15 state="DEAD" posr="8" posc="8" dr="0" dc="0" />
    <round16 state="DEAD" posr="8" posc="8" dr="0" dc="0" />
    <round17 state="DEAD" posr="8" posc="8" dr="0" dc="0" />
    <round18 state="DEAD" posr="8" posc="8" dr="0" dc="0" />
    <round19 state="DEAD" posr="8" posc="8" dr="0" dc="0" />
    <round20 state="DEAD" posr="8" posc="8" dr="0" dc="0" />
    <round21 state="DEAD" posr="8" posc="8" dr="0" dc="0" />
    <round22 state="DEAD" posr="8" posc="8" dr="0" dc="0" />
  </entity1056>
  <entity2018 ctype="Mons" r="5" c="13">
    <round1 state="LIVE" posr="5" posc="13" dr="0" dc="0" />
    <round2 state="LIVE" posr="5" posc="12" dr="0" dc="-1" />
    <round3 state="LIVE" posr="5" posc="12" dr="0" dc="0" />
    <round4 state="LIVE" posr="5" posc="11" dr="0" dc="-1" />
    <round5 state="LIVE" posr="5" posc="11" dr="0" dc="0" />
    <round6 state="LIVE" posr="5" posc="10" dr="0" dc="-1" />
    <round7 state="LIVE" posr="5" posc="10" dr="0" dc="0" />
    <round8 state="LIVE" posr="5" posc="9" dr="0" dc="-1" />
    <round9 state="DEAD" posr="5" posc="9" dr="0" dc="0" />
    <round10 state="DEAD" posr="5" posc="9" dr="0" dc="0" />
    <round11 state="DEAD" posr="5" posc="9" dr="0" dc="0" />
    <round12 state="DEAD" posr="5" posc="9" dr="0" dc="0" />
    <round13 state="DEAD" posr="5" posc="9" dr="0" dc="0" />
    <round14 state="DEAD" posr="5" posc="9" dr="0" dc="0" />
    <round15 state="DEAD" posr="5" posc="9" dr="0" dc="0" />
    <round16 state="DEAD" posr="5" posc="9" dr="0" dc="0" />
    <round17 state="DEAD" posr="5" posc="9" dr="0" dc="0" />
    <round18 state="DEAD" posr="5" posc="9" dr="0" dc="0" />
    <round19 state="DEAD" posr="5" posc="9" dr="0" dc="0" />
    <round20 state="DEAD" posr="5" posc="9" dr="0" dc="0" />
    <round21 state="DEAD" posr="5" posc="9" dr="0" dc="0" />
    <round22 state="DEAD" posr="5" posc="9" dr="0" dc="0" />
  </entity2018>
  <entity2054 ctype="Mons" r="7" c="13">
    <round1 state="LIVE" posr="7" posc="13" dr="0" dc="0" />
    <round2 state="LIVE" posr="7" posc="12" dr="0" dc="-1" />
    <round3 state="LIVE" posr="7" posc="12" dr="0" dc="0" />
    <round4 state="LIVE" posr="6" posc="12" dr="-1" dc="0" />
    <round5 state="LIVE" posr="6" posc="12" dr="0" dc="0" />
    <round6 state="LIVE" posr="6" posc="11" dr="0" dc="-1" />
    <round7 state="LIVE" posr="6" posc="11" dr="0" dc="0" />
    <round8 state="LIVE" posr="6" posc="10" dr="0" dc="-1" />
    <round9 state="LIVE" posr="6" posc="10" dr="0" dc="0" />
    <round10 state="DEAD" posr="6" posc="9" dr="0" dc="-1" />
    <round11 state="DEAD" posr="6" posc="9" dr="0" dc="0" />
    <round12 state="DEAD" posr="6" posc="9" dr="0" dc="0" />
    <round13 state="DEAD" posr="6" posc="9" dr="0" dc="0" />
    <round14 state="DEAD" posr="6" posc="9" dr="0" dc="0" />
    <round15 state="DEAD" posr="6" posc="9" dr="0" dc="0" />
    <round16 state="DEAD" posr="6" posc="9" dr="0" dc="0" />
    <round17 state="DEAD" posr="6" posc="9" dr="0" dc="0" />
    <round18 state="DEAD" posr="6" posc="9" dr="0" dc="0" />
    <round19 state="DEAD" posr="6" posc="9" dr="0" dc="0" />
    <round20 state="DEAD" posr="6" posc="9" dr="0" dc="0" />
    <round21 state="DEAD" posr="6" posc="9" dr="0" dc="0" />
    <round22 state="DEAD" posr="6" posc="9" dr="0" dc="0" />
  </entity2054>
  <entity1001 ctype="Bro1" r="5" c="4">
    <round1 state="LIVE" posr="5" posc="5" dr="0" dc="1" />
    <round2 state="LIVE" posr="5" posc="5" dr="0" dc="0" />
    <round3 state="LIVE" posr="5" posc="6" dr="0" dc="1" />
    <round4 state="LIVE" posr="5" posc="6" dr="0" dc="0" />
    <round5 state="LIVE" posr="5" posc="7" dr="0" dc="1" />
    <round6 state="LIVE" posr="5" posc="7" dr="0" dc="0" />
    <round7 state="LIVE" posr="5" posc="8" dr="0" dc="1" />
    <round8 state="LIVE" posr="5" posc="8" dr="0" dc="0" />
    <round9 state="LIVE" posr="5" posc="9" dr="0" dc="1" />
    <round10 state="LIVE" posr="5" posc="9" dr="0" dc="0" />
    <round11 state="LIVE" posr="5" posc="9" dr="0" dc="0" />
    <round12 state="LIVE" posr="5" posc="9" dr="0" dc="0" />
    <round13 state="LIVE" posr="4" posc="9" dr="-1" dc="0" />
    <round14 state="LIVE" posr="4" posc="9" dr="0" dc="0" />
    <round15 state="LIVE" posr="4" posc="10" dr="0" dc="1" />
    <round16 state="LIVE" posr="4" posc="10" dr="0" dc="0" />
    <round17 state="LIVE" posr="5" posc="10" dr="1" dc="0" />
    <round18 state="DEAD" posr="5" posc="10" dr="0" dc="0" />
    <round19 state="DEAD" posr="5" posc="10" dr="0" dc="0" />
    <round20 state="DEAD" posr="5" posc="10" dr="0" dc="0" />
    <round21 state="DEAD" posr="5" posc="10" dr="0" dc="0" />
    <round22 state="DEAD" posr="5" posc="10" dr="0" dc="0" />
  </entity1001>
  <entity2090 ctype="Mons" r="9" c="13">
    <round1 state="LIVE" posr="9" posc="13" dr="0" dc="0" />
    <round2 state="LIVE" posr="9" posc="12" dr="0" dc="-1" />
    <round3 state="LIVE" posr="9" posc="12" dr="0" dc="0" />
    <round4 state="LIVE" posr="9" posc="11" dr="0" dc="-1" />
    <round5 state="LIVE" posr="9" posc="11" dr="0" dc="0" />
    <round6 state="LIVE" posr="9" posc="10" dr="0" dc="-1" />
    <round7 state="LIVE" posr="9" posc="10" dr="0" dc="0" />
    <round8 state="LIVE" posr="8" posc="10" dr="-1" dc="0" />
    <round9 state="LIVE" posr="8" posc="10" dr="0" dc="0" />
    <round10 state="LIVE" posr="8" posc="9" dr="0" dc="-1" />
    <round11 state="LIVE" posr="8" posc="9" dr="0" dc="0" />
    <round12 state="LIVE" posr="8" posc="8" dr="0" dc="-1" />
    <round13 state="LIVE" posr="8" posc="8" dr="0" dc="0" />
    <round14 state="LIVE" posr="8" posc="7" dr="0" dc="-1" />
    <round15 state="LIVE" posr="8" posc="7" dr="0" dc="0" />
    <round16 state="DEAD" posr="7" posc="7" dr="-1" dc="0" />
    <round17 state="DEAD" posr="7" posc="7" dr="0" dc="0" />
    <round18 state="DEAD" posr="7" posc="7" dr="0" dc="0" />
    <round19 state="DEAD" posr="7" posc="7" dr="0" dc="0" />
    <round20 state="DEAD" posr="7" posc="7" dr="0" dc="0" />
    <round21 state="DEAD" posr="7" posc="7" dr="0" dc="0" />
    <round22 state="DEAD" posr="7" posc="7" dr="0" dc="0" />
  </entity2090>
  <entity1036 ctype="Eld" r="7" c="3">
    <round1 state="LIVE" posr="7" posc="4" dr="0" dc="1" />
    <round2 state="LIVE" posr="7" posc="4" dr="0" dc="0" />
    <round3 state="LIVE" posr="7" posc="4" dr="0" dc="0" />
    <round4 state="LIVE" posr="7" posc="4" dr="0" dc="0" />
    <round5 state="LIVE" posr="7" posc="4" dr="0" dc="0" />
    <round6 state="LIVE" posr="7" posc="4" dr="0" dc="0" />
    <round7 state="LIVE" posr="7" posc="5" dr="0" dc="1" />
    <round8 state="LIVE" posr="7" posc="5" dr="0" dc="0" />
    <round9 state="LIVE" posr="6" posc="5" dr="-1" dc="0" />
    <round10 state="LIVE" posr="6" posc="5" dr="0" dc="0" />
    <round11 state="LIVE" posr="7" posc="5" dr="1" dc="0" />
    <round12 state="LIVE" posr="7" posc="5" dr="0" dc="0" />
    <round13 state="LIVE" posr="8" posc="5" dr="1" dc="0" />
    <round14 state="LIVE" posr="8" posc="5" dr="0" dc="0" />
    <round15 state="LIVE" posr="8" posc="6" dr="0" dc="1" />
    <round16 state="LIVE" posr="8" posc="6" dr="0" dc="0" />
    <round17 state="LIVE" posr="9" posc="6" dr="1" dc="0" />
    <round18 state="DEAD" posr="9" posc="6" dr="0" dc="0" />
    <round19 state="DEAD" posr="9" posc="6" dr="0" dc="0" />
    <round20 state="DEAD" posr="9" posc="6" dr="0" dc="0" />
    <round21 state="DEAD" posr="9" posc="6" dr="0" dc="0" />
    <round22 state="DEAD" posr="9" posc="6" dr="0" dc="0" />
  </entity1036>
  <entity1037 ctype="Bro3" r="7" c="4">
    <round1 state="LIVE" posr="7" posc="5" dr="0" dc="1" />
    <round2 state="LIVE" posr="7" posc="5" dr="0" dc="0" />
    <round3 state="LIVE" posr="7" posc="5" dr="0" dc="0" />
    <round4 state="LIVE" posr="7" posc="5" dr="0" dc="0" />
    <round5 state="LIVE" posr="6" posc="5" dr="-1" dc="0" />
    <round6 state="LIVE" posr="6" posc="5" dr="0" dc="0" />
    <round7 state="LIVE" posr="6" posc="6" dr="0" dc="1" />
    <round8 state="LIVE" posr="6" posc="6" dr="0" dc="0" />
    <round9 state="LIVE" posr="6" posc="7" dr="0" dc="1" />
    <round10 state="LIVE" posr="6" posc="7" dr="0" dc="0" />
    <round11 state="LIVE" posr="7" posc="7" dr="1" dc="0" />
    <round12 state="LIVE" posr="7" posc="7" dr="0" dc="0" />
    <round13 state="LIVE" posr="7" posc="8" dr="0" dc="1" />
    <round14 state="LIVE" posr="7" posc="8" dr="0" dc="0" />
    <round15 state="LIVE" posr="7" posc="7" dr="0" dc="-1" />
    <round16 state="LIVE" posr="7" posc="7" dr="0" dc="0" />
    <round17 state="LIVE" posr="8" posc="7" dr="1" dc="0" />
    <round18 state="LIVE" posr="8" posc="7" dr="0" dc="0" />
    <round19 state="LIVE" posr="9" posc="7" dr="1" dc="0" />
    <round20 state="DEAD" posr="9" posc="7" dr="0" dc="0" />
    <round21 state="DEAD" posr="9" posc="7" dr="0" dc="0" />
    <round22 state="DEAD" posr="9" posc="7" dr="0" dc="0" />
  </entity1037>
  <entity2126 ctype="Mons" r="11" c="13">
    <round1 state="LIVE" posr="11" posc="13" dr="0" dc="0" />
    <round2 state="LIVE" posr="11" posc="12" dr="0" dc="-1" />
    <round3 state="LIVE" posr="11" posc="12" dr="0" dc="0" />
    <round4 state="LIVE" posr="11" posc="11" dr="0" dc="-1" />
    <round5 state="LIVE" posr="11" posc="11" dr="0" dc="0" />
    <round6 state="LIVE" posr="11" posc="10" dr="0" dc="-1" />
    <round7 state="LIVE" posr="11" posc="10" dr="0" dc="0" />
    <round8 state="LIVE" posr="10" posc="10" dr="-1" dc="0" />
    <round9 state="LIVE" posr="10" posc="10" dr="0" dc="0" />
    <round10 state="LIVE" posr="10" posc="9" dr="0" dc="-1" />
    <round11 state="LIVE" posr="10" posc="9" dr="0" dc="0" />
    <round12 state="LIVE" posr="10" posc="8" dr="0" dc="-1" />
    <round13 state="LIVE" posr="10" posc="8" dr="0" dc="0" />
    <round14 state="LIVE" posr="10" posc="7" dr="0" dc="-1" />
    <round15 state="LIVE" posr="10" posc="7" dr="0" dc="0" />
    <round16 state="LIVE" posr="9" posc="7" dr="-1" dc="0" />
    <round17 state="LIVE" posr="9" posc="7" dr="0" dc="0" />
    <round18 state="LIVE" posr="9" posc="6" dr="0" dc="-1" />
    <round19 state="LIVE" posr="9" posc="6" dr="0" dc="0" />
    <round20 state="LIVE" posr="9" posc="7" dr="0" dc="1" />
    <round21 state="LIVE" posr="9" posc="7" dr="0" dc="0" />
    <round22 state="LIVE" posr="9" posc="8" dr="0" dc="1" />
  </entity2126>
  <entity1039 ctype="Bro7" r="7" c="6">
    <round1 state="LIVE" posr="7" posc="7" dr="0" dc="1" />
    <round2 state="LIVE" posr="7" posc="7" dr="0" dc="0" />
    <round3 state="LIVE" posr="7" posc="8" dr="0" dc="1" />
    <round4 state="LIVE" posr="7" posc="8" dr="0" dc="0" />
    <round5 state="LIVE" posr="7" posc="9" dr="0" dc="1" />
    <round6 state="LIVE" posr="7" posc="9" dr="0" dc="0" />
    <round7 state="LIVE" posr="6" posc="9" dr="-1" dc="0" />
    <round8 state="LIVE" posr="6" posc="9" dr="0" dc="0" />
    <round9 state="LIVE" posr="6" posc="9" dr="0" dc="0" />
    <round10 state="LIVE" posr="6" posc="9" dr="0" dc="0" />
    <round11 state="LIVE" posr="7" posc="9" dr="1" dc="0" />
    <round12 state="LIVE" posr="7" posc="9" dr="0" dc="0" />
    <round13 state="LIVE" posr="8" posc="9" dr="1" dc="0" />
    <round14 state="LIVE" posr="8" posc="9" dr="0" dc="0" />
    <round15 state="LIVE" posr="7" posc="9" dr="-1" dc="0" />
    <round16 state="LIVE" posr="7" posc="9" dr="0" dc="0" />
    <round17 state="LIVE" posr="7" posc="10" dr="0" dc="1" />
    <round18 state="LIVE" posr="7" posc="10" dr="0" dc="0" />
    <round19 state="LIVE" posr="6" posc="10" dr="-1" dc="0" />
    <round20 state="LIVE" posr="6" posc="10" dr="0" dc="0" />
    <round21 state="LIVE" posr="6" posc="11" dr="0" dc="1" />
    <round22 state="DEAD" posr="6" posc="11" dr="0" dc="0" />
  </entity1039>
  <entity1073 ctype="Bro5" r="9" c="4">
    <round1 state="LIVE" posr="9" posc="5" dr="0" dc="1" />
    <round2 state="LIVE" posr="9" posc="5" dr="0" dc="0" />
    <round3 state="LIVE" posr="9" posc="6" dr="0" dc="1" />
    <round4 state="LIVE" posr="9" posc="6" dr="0" dc="0" />
    <round5 state="LIVE" posr="9" posc="7" dr="0" dc="1" />
    <round6 state="LIVE" posr="9" posc="7" dr="0" dc="0" />
    <round7 state="LIVE" posr="9" posc="8" dr="0" dc="1" />
    <round8 state="LIVE" posr="9" posc="8" dr="0" dc="0" />
    <round9 state="LIVE" posr="9" posc="9" dr="0" dc="1" />
    <round10 state="LIVE" posr="9" posc="9" dr="0" dc="0" />
    <round11 state="DEAD" posr="8" posc="9" dr="-1" dc="0" />
    <round12 state="DEAD" posr="8" posc="9" dr="0" dc="0" />
    <round13 state="DEAD" posr="8" posc="9" dr="0" dc="0" />
    <round14 state="DEAD" posr="8" posc="9" dr="0" dc="0" />
    <round15 state="DEAD" posr="8" posc="9" dr="0" dc="0" />
    <round16 state="DEAD" posr="8" posc="9" dr="0" dc="0" />
    <round17 state="DEAD" posr="8" posc="9" dr="0" dc="0" />
    <round18 state="DEAD" posr="8" posc="9" dr="0" dc="0" />
    <round19 state="DEAD" posr="8" posc="9" dr="0" dc="0" />
    <round20 state="DEAD" posr="8" posc="9" dr="0" dc="0" />
    <round21 state="DEAD" posr="8" posc="9" dr="0" dc="0" />
    <round22 state="DEAD" posr="8" posc="9" dr="0" dc="0" />
  </entity1073>
  <entity2001 ctype="Mons" r="4" c="14">
    <round1 state="LIVE" posr="4" posc="14" dr="0" dc="0" />
    <round2 state="LIVE" posr="4" posc="13" dr="0" dc="-1" />
    <round3 state="LIVE" posr="4" posc="13" dr="0" dc="0" />
    <round4 state="LIVE" posr="4" posc="12" dr="0" dc="-1" />
    <round5 state="LIVE" posr="4" posc="12" dr="0" dc="0" />
    <round6 state="LIVE" posr="5" posc="12" dr="1" dc="0" />
    <round7 state="LIVE" posr="5" posc="12" dr="0" dc="0" />
    <round8 state="LIVE" posr="4" posc="12" dr="-1" dc="0" />
    <round9 state="LIVE" posr="4" posc="12" dr="0" dc="0" />
    <round10 state="LIVE" posr="5" posc="12" dr="1" dc="0" />
    <round11 state="LIVE" posr="5" posc="12" dr="0" dc="0" />
    <round12 state="LIVE" posr="5" posc="11" dr="0" dc="-1" />
    <round13 state="LIVE" posr="5" posc="11" dr="0" dc="0" />
    <round14 state="LIVE" posr="4" posc="11" dr="-1" dc="0" />
    <round15 state="LIVE" posr="4" posc="11" dr="0" dc="0" />
    <round16 state="LIVE" posr="3" posc="11" dr="-1" dc="0" />
    <round17 state="LIVE" posr="3" posc="11" dr="0" dc="0" />
    <round18 state="LIVE" posr="4" posc="11" dr="1" dc="0" />
    <round19 state="LIVE" posr="4" posc="11" dr="0" dc="0" />
    <round20 state="LIVE" posr="5" posc="11" dr="1" dc="0" />
    <round21 state="LIVE" posr="5" posc="11" dr="0" dc="0" />
    <round22 state="LIVE" posr="6" posc="11" dr="1" dc="0" />
  </entity2001>
  <entity2037 ctype="Scorp" r="6" c="14">
    <round1 state="LIVE" posr="6" posc="14" dr="0" dc="0" />
    <round2 state="LIVE" posr="6" posc="13" dr="0" dc="-1" />
    <round3 state="LIVE" posr="6" posc="13" dr="0" dc="0" />
    <round4 state="LIVE" posr="7" posc="13" dr="1" dc="0" />
    <round5 state="LIVE" posr="7" posc="13" dr="0" dc="0" />
    <round6 state="LIVE" posr="7" posc="12" dr="0" dc="-1" />
    <round7 state="LIVE" posr="7" posc="12" dr="0" dc="0" />
    <round8 state="LIVE" posr="6" posc="12" dr="-1" dc="0" />
    <round9 state="LIVE" posr="6" posc="12" dr="0" dc="0" />
    <round10 state="LIVE" posr="6" posc="11" dr="0" dc="-1" />
    <round11 state="LIVE" posr="6" posc="11" dr="0" dc="0" />
    <round12 state="LIVE" posr="6" posc="11" dr="0" dc="0" />
    <round13 state="LIVE" posr="6" posc="11" dr="0" dc="0" />
    <round14 state="LIVE" posr="6" posc="10" dr="0" dc="-1" />
    <round15 state="LIVE" posr="6" posc="10" dr="0" dc="0" />
    <round16 state="LIVE" posr="5" posc="10" dr="-1" dc="0" />
    <round17 state="DEAD" posr="5" posc="10" dr="0" dc="0" />
    <round18 state="DEAD" posr="5" posc="10" dr="0" dc="0" />
    <round19 state="DEAD" posr="5" posc="10" dr="0" dc="0" />
    <round20 state="DEAD" posr="5" posc="10" dr="0" dc="0" />
    <round21 state="DEAD" posr="5" posc="10" dr="0" dc="0" />
    <round22 state="DEAD" posr="5" posc="10" dr="0" dc="0" />
  </entity2037>
  <entity2073 ctype="Snk" r="8" c="14">
    <round1 state="LIVE" posr="8" posc="14" dr="0" dc="0" />
    <round2 state="LIVE" posr="8" posc="13" dr="0" dc="-1" />
    <round3 state="LIVE" posr="8" posc="13" dr="0" dc="0" />
    <round4 state="LIVE" posr="8" posc="13" dr="0" dc="0" />
    <round5 state="LIVE" posr="8" posc="13" dr="0" dc="0" />
    <round6 state="LIVE" posr="7" posc="13" dr="-1" dc="0" />
    <round7 state="LIVE" posr="7" posc="13" dr="0" dc="0" />
    <round8 state="LIVE" posr="6" posc="13" dr="-1" dc="0" />
    <round9 state="LIVE" posr="6" posc="13" dr="0" dc="0" />
    <round10 state="LIVE" posr="6" posc="12" dr="0" dc="-1" />
    <round11 state="LIVE" posr="6" posc="12" dr="0" dc="0" />
    <round12 state="LIVE" posr="6" posc="12" dr="0" dc="0" />
    <round13 state="LIVE" posr="6" posc="12" dr="0" dc="0" />
    <round14 state="LIVE" posr="6" posc="11" dr="0" dc="-1" />
    <round15 state="LIVE" posr="6" posc="11" dr="0" dc="0" />
    <round16 state="LIVE" posr="6" posc="10" dr="0" dc="-1" />
    <round17 state="LIVE" posr="6" posc="10" dr="0" dc="0" />
    <round18 state="LIVE" posr="5" posc="10" dr="-1" dc="0" />
    <round19 state="LIVE" posr="5" posc="10" dr="0" dc="0" />
    <round20 state="DEAD" posr="6" posc="10" dr="1" dc="0" />
    <round21 state="DEAD" posr="6" posc="10" dr="0" dc="0" />
    <round22 state="DEAD" posr="6" posc="10" dr="0" dc="0" />
  </entity2073>
  <entity1019 ctype="Bro2" r="6" c="4">
    <round1 state="LIVE" posr="6" posc="5" dr="0" dc="1" />
    <round2 state="LIVE" posr="6" posc="5" dr="0" dc="0" />
    <round3 state="LIVE" posr="6" posc="6" dr="0" dc="1" />
    <round4 state="LIVE" posr="6" posc="6" dr="0" dc="0" />
    <round5 state="LIVE" posr="5" posc="6" dr="-1" dc="0" />
    <round6 state="LIVE" posr="5" posc="6" dr="0" dc="0" />
    <round7 state="LIVE" posr="5" posc="7" dr="0" dc="1" />
    <round8 state="LIVE" posr="5" posc="7" dr="0" dc="0" />
    <round9 state="LIVE" posr="5" posc="7" dr="0" dc="0" />
    <round10 state="LIVE" posr="5" posc="7" dr="0" dc="0" />
    <round11 state="LIVE" posr="5" posc="8" dr="0" dc="1" />
    <round12 state="LIVE" posr="5" posc="8" dr="0" dc="0" />
    <round13 state="LIVE" posr="6" posc="8" dr="1" dc="0" />
    <round14 state="LIVE" posr="6" posc="8" dr="0" dc="0" />
    <round15 state="LIVE" posr="5" posc="8" dr="-1" dc="0" />
    <round16 state="LIVE" posr="5" posc="8" dr="0" dc="0" />
    <round17 state="LIVE" posr="5" posc="9" dr="0" dc="1" />
    <round18 state="LIVE" posr="5" posc="9" dr="0" dc="0" />
    <round19 state="DEAD" posr="5" posc="10" dr="0" dc="1" />
    <round20 state="DEAD" posr="5" posc="10" dr="0" dc="0" />
    <round21 state="DEAD" posr="5" posc="10" dr="0" dc="0" />
    <round22 state="DEAD" posr="5" posc="10" dr="0" dc="0" />
  </entity1019>
  <entity2109 ctype="Mons" r="10" c="14">
    <round1 state="LIVE" posr="10" posc="14" dr="0" dc="0" />
    <round2 state="LIVE" posr="10" posc="13" dr="0" dc="-1" />
    <round3 state="LIVE" posr="10" posc="13" dr="0" dc="0" />
    <round4 state="LIVE" posr="10" posc="12" dr="0" dc="-1" />
    <round5 state="LIVE" posr="10" posc="12" dr="0" dc="0" />
    <round6 state="LIVE" posr="10" posc="11" dr="0" dc="-1" />
    <round7 state="LIVE" posr="10" posc="11" dr="0" dc="0" />
    <round8 state="LIVE" posr="10" posc="11" dr="0" dc="0" />
    <round9 state="LIVE" posr="10" posc="11" dr="0" dc="0" />
    <round10 state="LIVE" posr="9" posc="11" dr="-1" dc="0" />
    <round11 state="LIVE" posr="9" posc="11" dr="0" dc="0" />
    <round12 state="LIVE" posr="9" posc="10" dr="0" dc="-1" />
    <round13 state="LIVE" posr="9" posc="10" dr="0" dc="0" />
    <round14 state="LIVE" posr="8" posc="10" dr="-1" dc="0" />
    <round15 state="LIVE" posr="8" posc="10" dr="0" dc="0" />
    <round16 state="LIVE" posr="7" posc="10" dr="-1" dc="0" />
    <round17 state="DEAD" posr="7" posc="10" dr="0" dc="0" />
    <round18 state="DEAD" posr="7" posc="10" dr="0" dc="0" />
    <round19 state="DEAD" posr="7" posc="10" dr="0" dc="0" />
    <round20 state="DEAD" posr="7" posc="10" dr="0" dc="0" />
    <round21 state="DEAD" posr="7" posc="10" dr="0" dc="0" />
    <round22 state="DEAD" posr="7" posc="10" dr="0" dc="0" />
  </entity2109>
  <entity1055 ctype="Bro4" r="8" c="4">
    <round1 state="LIVE" posr="8" posc="5" dr="0" dc="1" />
    <round2 state="LIVE" posr="8" posc="5" dr="0" dc="0" />
    <round3 state="LIVE" posr="8" posc="6" dr="0" dc="1" />
    <round4 state="LIVE" posr="8" posc="6" dr="0" dc="0" />
    <round5 state="LIVE" posr="8" posc="7" dr="0" dc="1" />
    <round6 state="LIVE" posr="8" posc="7" dr="0" dc="0" />
    <round7 state="LIVE" posr="9" posc="7" dr="1" dc="0" />
    <round8 state="LIVE" posr="9" posc="7" dr="0" dc="0" />
    <round9 state="LIVE" posr="9" posc="8" dr="0" dc="1" />
    <round10 state="LIVE" posr="9" posc="8" dr="0" dc="0" />
    <round11 state="LIVE" posr="9" posc="9" dr="0" dc="1" />
    <round12 state="LIVE" posr="9" posc="9" dr="0" dc="0" />
    <round13 state="DEAD" posr="9" posc="10" dr="0" dc="1" />
    <round14 state="DEAD" posr="9" posc="10" dr="0" dc="0" />
    <round15 state="DEAD" posr="9" posc="10" dr="0" dc="0" />
    <round16 state="DEAD" posr="9" posc="10" dr="0" dc="0" />
    <round17 state="DEAD" posr="9" posc="10" dr="0" dc="0" />
    <round18 state="DEAD" posr="9" posc="10" dr="0" dc="0" />
    <round19 state="DEAD" posr="9" posc="10" dr="0" dc="0" />
    <round20 state="DEAD" posr="9" posc="10" dr="0" dc="0" />
    <round21 state="DEAD" posr="9" posc="10" dr="0" dc="0" />
    <round22 state="DEAD" posr="9" posc="10" dr="0" dc="0" />
  </entity1055>
</records>
